<?xml version="1.0" encoding="UTF-8"?>
<!-- Generated by org.testng.reporters.JUnitReportReporter -->
<testsuite skipped="0" hostname="PC" name="com.testautomation.testcases.LoginApplication" tests="1" failures="0" timestamp="29 Apr 2019 06:04:00 GMT" time="15.432" errors="0">
  <testcase name="loginApplication" time="15.432" classname="com.testautomation.testcases.LoginApplication"/>
</testsuite> <!-- com.testautomation.testcases.LoginApplication -->
